# JRE version: Java(TM) SE Runtime Environment (8.0_40-b25) (build 1.8.0_40-b25)
# Java VM: Java HotSpot(TM) 64-Bit Server VM (25.40-b25 mixed mode windows-amd64 compressed oops)
Heap:
 PSYoungGen      total 72192K, used 36904K [0x00000000eb100000, 0x00000000f0000000, 0x0000000100000000)
  eden space 65024K, 56% used [0x00000000eb100000,0x00000000ed50a238,0x00000000ef080000)
  from space 7168K, 0% used [0x00000000ef800000,0x00000000ef800000,0x00000000eff00000)
  to   space 7680K, 0% used [0x00000000ef080000,0x00000000ef080000,0x00000000ef800000)
 ParOldGen       total 34816K, used 7212K [0x00000000c1200000, 0x00000000c3400000, 0x00000000eb100000)
  object space 34816K, 20% used [0x00000000c1200000,0x00000000c190b178,0x00000000c3400000)
 Metaspace       used 24631K, capacity 25500K, committed 25776K, reserved 1071104K
  class space    used 3192K, capacity 3406K, committed 3504K, reserved 1048576K
GC Heap History (10 events):
Event: 1.616 GC heap before
{Heap before GC invocations=3 (full 0):
 PSYoungGen      total 18944K, used 18943K [0x00000000eb100000, 0x00000000ed600000, 0x0000000100000000)
  eden space 16384K, 100% used [0x00000000eb100000,0x00000000ec100000,0x00000000ec100000)
  from space 2560K, 99% used [0x00000000ec380000,0x00000000ec5ffc50,0x00000000ec600000)
  to   space 2560K, 0% used [0x00000000ec100000,0x00000000ec100000,0x00000000ec380000)
 ParOldGen       total 44032K, used 3259K [0x00000000c1200000, 0x00000000c3d00000, 0x00000000eb100000)
  object space 44032K, 7% used [0x00000000c1200000,0x00000000c152ed48,0x00000000c3d00000)
 Metaspace       used 10722K, capacity 10988K, committed 11136K, reserved 1058816K
  class space    used 1266K, capacity 1357K, committed 1408K, reserved 1048576K
Event: 1.624 GC heap after
Heap after GC invocations=3 (full 0):
 PSYoungGen      total 18944K, used 2560K [0x00000000eb100000, 0x00000000ed600000, 0x0000000100000000)
  eden space 16384K, 0% used [0x00000000eb100000,0x00000000eb100000,0x00000000ec100000)
  from space 2560K, 100% used [0x00000000ec100000,0x00000000ec380000,0x00000000ec380000)
  to   space 2560K, 0% used [0x00000000ed380000,0x00000000ed380000,0x00000000ed600000)
 ParOldGen       total 44032K, used 4563K [0x00000000c1200000, 0x00000000c3d00000, 0x00000000eb100000)
  object space 44032K, 10% used [0x00000000c1200000,0x00000000c1674f20,0x00000000c3d00000)
 Metaspace       used 10722K, capacity 10988K, committed 11136K, reserved 1058816K
  class space    used 1266K, capacity 1357K, committed 1408K, reserved 1048576K
}
Event: 1.971 GC heap before
{Heap before GC invocations=4 (full 0):
 PSYoungGen      total 18944K, used 18944K [0x00000000eb100000, 0x00000000ed600000, 0x0000000100000000)
  eden space 16384K, 100% used [0x00000000eb100000,0x00000000ec100000,0x00000000ec100000)
  from space 2560K, 100% used [0x00000000ec100000,0x00000000ec380000,0x00000000ec380000)
  to   space 2560K, 0% used [0x00000000ed380000,0x00000000ed380000,0x00000000ed600000)
 ParOldGen       total 44032K, used 4563K [0x00000000c1200000, 0x00000000c3d00000, 0x00000000eb100000)
  object space 44032K, 10% used [0x00000000c1200000,0x00000000c1674f20,0x00000000c3d00000)
 Metaspace       used 12188K, capacity 12504K, committed 12800K, reserved 1060864K
  class space    used 1546K, capacity 1666K, committed 1792K, reserved 1048576K
Event: 1.980 GC heap after
Heap after GC invocations=4 (full 0):
 PSYoungGen      total 35328K, used 2560K [0x00000000eb100000, 0x00000000ed600000, 0x0000000100000000)
  eden space 32768K, 0% used [0x00000000eb100000,0x00000000eb100000,0x00000000ed100000)
  from space 2560K, 100% used [0x00000000ed380000,0x00000000ed600000,0x00000000ed600000)
  to   space 2560K, 0% used [0x00000000ed100000,0x00000000ed100000,0x00000000ed380000)
 ParOldGen       total 44032K, used 6065K [0x00000000c1200000, 0x00000000c3d00000, 0x00000000eb100000)
  object space 44032K, 13% used [0x00000000c1200000,0x00000000c17ec760,0x00000000c3d00000)
 Metaspace       used 12188K, capacity 12504K, committed 12800K, reserved 1060864K
  class space    used 1546K, capacity 1666K, committed 1792K, reserved 1048576K
}
Event: 2.501 GC heap before
{Heap before GC invocations=5 (full 0):
 PSYoungGen      total 35328K, used 35328K [0x00000000eb100000, 0x00000000ed600000, 0x0000000100000000)
  eden space 32768K, 100% used [0x00000000eb100000,0x00000000ed100000,0x00000000ed100000)
  from space 2560K, 100% used [0x00000000ed380000,0x00000000ed600000,0x00000000ed600000)
  to   space 2560K, 0% used [0x00000000ed100000,0x00000000ed100000,0x00000000ed380000)
 ParOldGen       total 44032K, used 6065K [0x00000000c1200000, 0x00000000c3d00000, 0x00000000eb100000)
  object space 44032K, 13% used [0x00000000c1200000,0x00000000c17ec760,0x00000000c3d00000)
 Metaspace       used 16797K, capacity 17298K, committed 17408K, reserved 1064960K
  class space    used 2127K, capacity 2263K, committed 2304K, reserved 1048576K
Event: 2.514 GC heap after
Heap after GC invocations=5 (full 0):
 PSYoungGen      total 35328K, used 2528K [0x00000000eb100000, 0x00000000eff00000, 0x0000000100000000)
  eden space 32768K, 0% used [0x00000000eb100000,0x00000000eb100000,0x00000000ed100000)
  from space 2560K, 98% used [0x00000000ed100000,0x00000000ed378020,0x00000000ed380000)
  to   space 7168K, 0% used [0x00000000ef800000,0x00000000ef800000,0x00000000eff00000)
 ParOldGen       total 44032K, used 10468K [0x00000000c1200000, 0x00000000c3d00000, 0x00000000eb100000)
  object space 44032K, 23% used [0x00000000c1200000,0x00000000c1c39380,0x00000000c3d00000)
 Metaspace       used 16797K, capacity 17298K, committed 17408K, reserved 1064960K
  class space    used 2127K, capacity 2263K, committed 2304K, reserved 1048576K
}
Event: 2.894 GC heap before
{Heap before GC invocations=6 (full 0):
 PSYoungGen      total 35328K, used 28885K [0x00000000eb100000, 0x00000000eff00000, 0x0000000100000000)
  eden space 32768K, 80% used [0x00000000eb100000,0x00000000ecabd450,0x00000000ed100000)
  from space 2560K, 98% used [0x00000000ed100000,0x00000000ed378020,0x00000000ed380000)
  to   space 7168K, 0% used [0x00000000ef800000,0x00000000ef800000,0x00000000eff00000)
 ParOldGen       total 44032K, used 10468K [0x00000000c1200000, 0x00000000c3d00000, 0x00000000eb100000)
  object space 44032K, 23% used [0x00000000c1200000,0x00000000c1c39380,0x00000000c3d00000)
 Metaspace       used 20751K, capacity 21260K, committed 21296K, reserved 1067008K
  class space    used 2679K, capacity 2832K, committed 2864K, reserved 1048576K
Event: 2.910 GC heap after
Heap after GC invocations=6 (full 0):
 PSYoungGen      total 72192K, used 6385K [0x00000000eb100000, 0x00000000f0000000, 0x0000000100000000)
  eden space 65024K, 0% used [0x00000000eb100000,0x00000000eb100000,0x00000000ef080000)
  from space 7168K, 89% used [0x00000000ef800000,0x00000000efe3c5b8,0x00000000eff00000)
  to   space 7680K, 0% used [0x00000000ef080000,0x00000000ef080000,0x00000000ef800000)
 ParOldGen       total 44032K, used 10476K [0x00000000c1200000, 0x00000000c3d00000, 0x00000000eb100000)
  object space 44032K, 23% used [0x00000000c1200000,0x00000000c1c3b380,0x00000000c3d00000)
 Metaspace       used 20751K, capacity 21260K, committed 21296K, reserved 1067008K
  class space    used 2679K, capacity 2832K, committed 2864K, reserved 1048576K
}
Event: 2.910 GC heap before
{Heap before GC invocations=7 (full 1):
 PSYoungGen      total 72192K, used 6385K [0x00000000eb100000, 0x00000000f0000000, 0x0000000100000000)
  eden space 65024K, 0% used [0x00000000eb100000,0x00000000eb100000,0x00000000ef080000)
  from space 7168K, 89% used [0x00000000ef800000,0x00000000efe3c5b8,0x00000000eff00000)
  to   space 7680K, 0% used [0x00000000ef080000,0x00000000ef080000,0x00000000ef800000)
 ParOldGen       total 44032K, used 10476K [0x00000000c1200000, 0x00000000c3d00000, 0x00000000eb100000)
  object space 44032K, 23% used [0x00000000c1200000,0x00000000c1c3b380,0x00000000c3d00000)
 Metaspace       used 20751K, capacity 21260K, committed 21296K, reserved 1067008K
  class space    used 2679K, capacity 2832K, committed 2864K, reserved 1048576K
Event: 2.963 GC heap after
Heap after GC invocations=7 (full 1):
 PSYoungGen      total 72192K, used 0K [0x00000000eb100000, 0x00000000f0000000, 0x0000000100000000)
  eden space 65024K, 0% used [0x00000000eb100000,0x00000000eb100000,0x00000000ef080000)
  from space 7168K, 0% used [0x00000000ef800000,0x00000000ef800000,0x00000000eff00000)
  to   space 7680K, 0% used [0x00000000ef080000,0x00000000ef080000,0x00000000ef800000)
 ParOldGen       total 34816K, used 7212K [0x00000000c1200000, 0x00000000c3400000, 0x00000000eb100000)
  object space 34816K, 20% used [0x00000000c1200000,0x00000000c190b178,0x00000000c3400000)
 Metaspace       used 20751K, capacity 21260K, committed 21296K, reserved 1067008K
  class space    used 2679K, capacity 2832K, committed 2864K, reserved 1048576K
}

