# JRE version: Java(TM) SE Runtime Environment (8.0_40-b25) (build 1.8.0_40-b25)
# Java VM: Java HotSpot(TM) 64-Bit Server VM (25.40-b25 mixed mode windows-amd64 compressed oops)
Heap:
 PSYoungGen      total 72192K, used 39254K [0x00000000eb100000, 0x00000000f0000000, 0x0000000100000000)
  eden space 65024K, 60% used [0x00000000eb100000,0x00000000ed755ba8,0x00000000ef080000)
  from space 7168K, 0% used [0x00000000ef800000,0x00000000ef800000,0x00000000eff00000)
  to   space 7680K, 0% used [0x00000000ef080000,0x00000000ef080000,0x00000000ef800000)
 ParOldGen       total 35328K, used 7067K [0x00000000c1200000, 0x00000000c3480000, 0x00000000eb100000)
  object space 35328K, 20% used [0x00000000c1200000,0x00000000c18e6f68,0x00000000c3480000)
 Metaspace       used 24899K, capacity 25704K, committed 25776K, reserved 1073152K
  class space    used 3230K, capacity 3444K, committed 3504K, reserved 1048576K
GC Heap History (10 events):
Event: 1.581 GC heap before
{Heap before GC invocations=3 (full 0):
 PSYoungGen      total 18944K, used 18935K [0x00000000eb100000, 0x00000000ed600000, 0x0000000100000000)
  eden space 16384K, 100% used [0x00000000eb100000,0x00000000ec100000,0x00000000ec100000)
  from space 2560K, 99% used [0x00000000ec380000,0x00000000ec5fde20,0x00000000ec600000)
  to   space 2560K, 0% used [0x00000000ec100000,0x00000000ec100000,0x00000000ec380000)
 ParOldGen       total 44032K, used 3310K [0x00000000c1200000, 0x00000000c3d00000, 0x00000000eb100000)
  object space 44032K, 7% used [0x00000000c1200000,0x00000000c153ba20,0x00000000c3d00000)
 Metaspace       used 10759K, capacity 10994K, committed 11136K, reserved 1058816K
  class space    used 1269K, capacity 1358K, committed 1408K, reserved 1048576K
Event: 1.590 GC heap after
Heap after GC invocations=3 (full 0):
 PSYoungGen      total 18944K, used 2560K [0x00000000eb100000, 0x00000000ed600000, 0x0000000100000000)
  eden space 16384K, 0% used [0x00000000eb100000,0x00000000eb100000,0x00000000ec100000)
  from space 2560K, 100% used [0x00000000ec100000,0x00000000ec380000,0x00000000ec380000)
  to   space 2560K, 0% used [0x00000000ed380000,0x00000000ed380000,0x00000000ed600000)
 ParOldGen       total 44032K, used 4641K [0x00000000c1200000, 0x00000000c3d00000, 0x00000000eb100000)
  object space 44032K, 10% used [0x00000000c1200000,0x00000000c16884e0,0x00000000c3d00000)
 Metaspace       used 10759K, capacity 10994K, committed 11136K, reserved 1058816K
  class space    used 1269K, capacity 1358K, committed 1408K, reserved 1048576K
}
Event: 1.927 GC heap before
{Heap before GC invocations=4 (full 0):
 PSYoungGen      total 18944K, used 18944K [0x00000000eb100000, 0x00000000ed600000, 0x0000000100000000)
  eden space 16384K, 100% used [0x00000000eb100000,0x00000000ec100000,0x00000000ec100000)
  from space 2560K, 100% used [0x00000000ec100000,0x00000000ec380000,0x00000000ec380000)
  to   space 2560K, 0% used [0x00000000ed380000,0x00000000ed380000,0x00000000ed600000)
 ParOldGen       total 44032K, used 4641K [0x00000000c1200000, 0x00000000c3d00000, 0x00000000eb100000)
  object space 44032K, 10% used [0x00000000c1200000,0x00000000c16884e0,0x00000000c3d00000)
 Metaspace       used 12226K, capacity 12574K, committed 12800K, reserved 1060864K
  class space    used 1548K, capacity 1667K, committed 1792K, reserved 1048576K
Event: 1.935 GC heap after
Heap after GC invocations=4 (full 0):
 PSYoungGen      total 35328K, used 2560K [0x00000000eb100000, 0x00000000ed600000, 0x0000000100000000)
  eden space 32768K, 0% used [0x00000000eb100000,0x00000000eb100000,0x00000000ed100000)
  from space 2560K, 100% used [0x00000000ed380000,0x00000000ed600000,0x00000000ed600000)
  to   space 2560K, 0% used [0x00000000ed100000,0x00000000ed100000,0x00000000ed380000)
 ParOldGen       total 44032K, used 6135K [0x00000000c1200000, 0x00000000c3d00000, 0x00000000eb100000)
  object space 44032K, 13% used [0x00000000c1200000,0x00000000c17fdd20,0x00000000c3d00000)
 Metaspace       used 12226K, capacity 12574K, committed 12800K, reserved 1060864K
  class space    used 1548K, capacity 1667K, committed 1792K, reserved 1048576K
}
Event: 2.506 GC heap before
{Heap before GC invocations=5 (full 0):
 PSYoungGen      total 35328K, used 35328K [0x00000000eb100000, 0x00000000ed600000, 0x0000000100000000)
  eden space 32768K, 100% used [0x00000000eb100000,0x00000000ed100000,0x00000000ed100000)
  from space 2560K, 100% used [0x00000000ed380000,0x00000000ed600000,0x00000000ed600000)
  to   space 2560K, 0% used [0x00000000ed100000,0x00000000ed100000,0x00000000ed380000)
 ParOldGen       total 44032K, used 6135K [0x00000000c1200000, 0x00000000c3d00000, 0x00000000eb100000)
  object space 44032K, 13% used [0x00000000c1200000,0x00000000c17fdd20,0x00000000c3d00000)
 Metaspace       used 16824K, capacity 17304K, committed 17408K, reserved 1064960K
  class space    used 2128K, capacity 2264K, committed 2304K, reserved 1048576K
Event: 2.525 GC heap after
Heap after GC invocations=5 (full 0):
 PSYoungGen      total 35328K, used 2528K [0x00000000eb100000, 0x00000000eff00000, 0x0000000100000000)
  eden space 32768K, 0% used [0x00000000eb100000,0x00000000eb100000,0x00000000ed100000)
  from space 2560K, 98% used [0x00000000ed100000,0x00000000ed378020,0x00000000ed380000)
  to   space 7168K, 0% used [0x00000000ef800000,0x00000000ef800000,0x00000000eff00000)
 ParOldGen       total 44032K, used 10630K [0x00000000c1200000, 0x00000000c3d00000, 0x00000000eb100000)
  object space 44032K, 24% used [0x00000000c1200000,0x00000000c1c61b88,0x00000000c3d00000)
 Metaspace       used 16824K, capacity 17304K, committed 17408K, reserved 1064960K
  class space    used 2128K, capacity 2264K, committed 2304K, reserved 1048576K
}
Event: 3.016 GC heap before
{Heap before GC invocations=6 (full 0):
 PSYoungGen      total 35328K, used 28216K [0x00000000eb100000, 0x00000000eff00000, 0x0000000100000000)
  eden space 32768K, 78% used [0x00000000eb100000,0x00000000eca16328,0x00000000ed100000)
  from space 2560K, 98% used [0x00000000ed100000,0x00000000ed378020,0x00000000ed380000)
  to   space 7168K, 0% used [0x00000000ef800000,0x00000000ef800000,0x00000000eff00000)
 ParOldGen       total 44032K, used 10630K [0x00000000c1200000, 0x00000000c3d00000, 0x00000000eb100000)
  object space 44032K, 24% used [0x00000000c1200000,0x00000000c1c61b88,0x00000000c3d00000)
 Metaspace       used 20748K, capacity 21254K, committed 21296K, reserved 1067008K
  class space    used 2677K, capacity 2831K, committed 2864K, reserved 1048576K
Event: 3.039 GC heap after
Heap after GC invocations=6 (full 0):
 PSYoungGen      total 72192K, used 6086K [0x00000000eb100000, 0x00000000f0000000, 0x0000000100000000)
  eden space 65024K, 0% used [0x00000000eb100000,0x00000000eb100000,0x00000000ef080000)
  from space 7168K, 84% used [0x00000000ef800000,0x00000000efdf1928,0x00000000eff00000)
  to   space 7680K, 0% used [0x00000000ef080000,0x00000000ef080000,0x00000000ef800000)
 ParOldGen       total 44032K, used 10702K [0x00000000c1200000, 0x00000000c3d00000, 0x00000000eb100000)
  object space 44032K, 24% used [0x00000000c1200000,0x00000000c1c73b98,0x00000000c3d00000)
 Metaspace       used 20748K, capacity 21254K, committed 21296K, reserved 1067008K
  class space    used 2677K, capacity 2831K, committed 2864K, reserved 1048576K
}
Event: 3.040 GC heap before
{Heap before GC invocations=7 (full 1):
 PSYoungGen      total 72192K, used 6086K [0x00000000eb100000, 0x00000000f0000000, 0x0000000100000000)
  eden space 65024K, 0% used [0x00000000eb100000,0x00000000eb100000,0x00000000ef080000)
  from space 7168K, 84% used [0x00000000ef800000,0x00000000efdf1928,0x00000000eff00000)
  to   space 7680K, 0% used [0x00000000ef080000,0x00000000ef080000,0x00000000ef800000)
 ParOldGen       total 44032K, used 10702K [0x00000000c1200000, 0x00000000c3d00000, 0x00000000eb100000)
  object space 44032K, 24% used [0x00000000c1200000,0x00000000c1c73b98,0x00000000c3d00000)
 Metaspace       used 20748K, capacity 21254K, committed 21296K, reserved 1067008K
  class space    used 2677K, capacity 2831K, committed 2864K, reserved 1048576K
Event: 3.107 GC heap after
Heap after GC invocations=7 (full 1):
 PSYoungGen      total 72192K, used 0K [0x00000000eb100000, 0x00000000f0000000, 0x0000000100000000)
  eden space 65024K, 0% used [0x00000000eb100000,0x00000000eb100000,0x00000000ef080000)
  from space 7168K, 0% used [0x00000000ef800000,0x00000000ef800000,0x00000000eff00000)
  to   space 7680K, 0% used [0x00000000ef080000,0x00000000ef080000,0x00000000ef800000)
 ParOldGen       total 35328K, used 7067K [0x00000000c1200000, 0x00000000c3480000, 0x00000000eb100000)
  object space 35328K, 20% used [0x00000000c1200000,0x00000000c18e6f68,0x00000000c3480000)
 Metaspace       used 20746K, capacity 21248K, committed 21296K, reserved 1067008K
  class space    used 2677K, capacity 2830K, committed 2864K, reserved 1048576K
}

