# JRE version: Java(TM) SE Runtime Environment (8.0_40-b25) (build 1.8.0_40-b25)
# Java VM: Java HotSpot(TM) 64-Bit Server VM (25.40-b25 mixed mode windows-amd64 compressed oops)
Heap:
 PSYoungGen      total 141824K, used 62429K [0x00000000eb100000, 0x00000000f4e00000, 0x0000000100000000)
  eden space 125952K, 49% used [0x00000000eb100000,0x00000000eedf76e0,0x00000000f2c00000)
  from space 15872K, 0% used [0x00000000f2c00000,0x00000000f2c00000,0x00000000f3b80000)
  to   space 12800K, 0% used [0x00000000f3b80000,0x00000000f3b80000,0x00000000f4800000)
 ParOldGen       total 57344K, used 26133K [0x00000000c1200000, 0x00000000c4a00000, 0x00000000eb100000)
  object space 57344K, 45% used [0x00000000c1200000,0x00000000c2b855a8,0x00000000c4a00000)
 Metaspace       used 21786K, capacity 22234K, committed 22400K, reserved 1069056K
  class space    used 2477K, capacity 2621K, committed 2688K, reserved 1048576K
GC Heap History (10 events):
Event: 3.804 GC heap before
{Heap before GC invocations=6 (full 0):
 PSYoungGen      total 35328K, used 35312K [0x00000000eb100000, 0x00000000f0100000, 0x0000000100000000)
  eden space 32768K, 100% used [0x00000000eb100000,0x00000000ed100000,0x00000000ed100000)
  from space 2560K, 99% used [0x00000000ed100000,0x00000000ed37c010,0x00000000ed380000)
  to   space 8192K, 0% used [0x00000000ef900000,0x00000000ef900000,0x00000000f0100000)
 ParOldGen       total 44032K, used 10422K [0x00000000c1200000, 0x00000000c3d00000, 0x00000000eb100000)
  object space 44032K, 23% used [0x00000000c1200000,0x00000000c1c2d8b8,0x00000000c3d00000)
 Metaspace       used 14627K, capacity 14820K, committed 14976K, reserved 1062912K
  class space    used 1777K, capacity 1876K, committed 1920K, reserved 1048576K
Event: 3.821 GC heap after
Heap after GC invocations=6 (full 0):
 PSYoungGen      total 72704K, used 7008K [0x00000000eb100000, 0x00000000f0300000, 0x0000000100000000)
  eden space 64512K, 0% used [0x00000000eb100000,0x00000000eb100000,0x00000000ef000000)
  from space 8192K, 85% used [0x00000000ef900000,0x00000000effd8020,0x00000000f0100000)
  to   space 9216K, 0% used [0x00000000ef000000,0x00000000ef000000,0x00000000ef900000)
 ParOldGen       total 44032K, used 10430K [0x00000000c1200000, 0x00000000c3d00000, 0x00000000eb100000)
  object space 44032K, 23% used [0x00000000c1200000,0x00000000c1c2f8b8,0x00000000c3d00000)
 Metaspace       used 14627K, capacity 14820K, committed 14976K, reserved 1062912K
  class space    used 1777K, capacity 1876K, committed 1920K, reserved 1048576K
}
Event: 5.810 GC heap before
{Heap before GC invocations=7 (full 0):
 PSYoungGen      total 72704K, used 71520K [0x00000000eb100000, 0x00000000f0300000, 0x0000000100000000)
  eden space 64512K, 100% used [0x00000000eb100000,0x00000000ef000000,0x00000000ef000000)
  from space 8192K, 85% used [0x00000000ef900000,0x00000000effd8020,0x00000000f0100000)
  to   space 9216K, 0% used [0x00000000ef000000,0x00000000ef000000,0x00000000ef900000)
 ParOldGen       total 44032K, used 10430K [0x00000000c1200000, 0x00000000c3d00000, 0x00000000eb100000)
  object space 44032K, 23% used [0x00000000c1200000,0x00000000c1c2f8b8,0x00000000c3d00000)
 Metaspace       used 15213K, capacity 15458K, committed 15744K, reserved 1062912K
  class space    used 1813K, capacity 1913K, committed 1920K, reserved 1048576K
Event: 5.842 GC heap after
Heap after GC invocations=7 (full 0):
 PSYoungGen      total 73728K, used 9184K [0x00000000eb100000, 0x00000000f4800000, 0x0000000100000000)
  eden space 64512K, 0% used [0x00000000eb100000,0x00000000eb100000,0x00000000ef000000)
  from space 9216K, 99% used [0x00000000ef000000,0x00000000ef8f8020,0x00000000ef900000)
  to   space 12800K, 0% used [0x00000000f3b80000,0x00000000f3b80000,0x00000000f4800000)
 ParOldGen       total 44032K, used 15067K [0x00000000c1200000, 0x00000000c3d00000, 0x00000000eb100000)
  object space 44032K, 34% used [0x00000000c1200000,0x00000000c20b6d90,0x00000000c3d00000)
 Metaspace       used 15213K, capacity 15458K, committed 15744K, reserved 1062912K
  class space    used 1813K, capacity 1913K, committed 1920K, reserved 1048576K
}
Event: 13.985 GC heap before
{Heap before GC invocations=8 (full 0):
 PSYoungGen      total 73728K, used 73644K [0x00000000eb100000, 0x00000000f4800000, 0x0000000100000000)
  eden space 64512K, 99% used [0x00000000eb100000,0x00000000eeff33c0,0x00000000ef000000)
  from space 9216K, 99% used [0x00000000ef000000,0x00000000ef8f8020,0x00000000ef900000)
  to   space 12800K, 0% used [0x00000000f3b80000,0x00000000f3b80000,0x00000000f4800000)
 ParOldGen       total 44032K, used 15067K [0x00000000c1200000, 0x00000000c3d00000, 0x00000000eb100000)
  object space 44032K, 34% used [0x00000000c1200000,0x00000000c20b6d90,0x00000000c3d00000)
 Metaspace       used 20482K, capacity 20846K, committed 20992K, reserved 1067008K
  class space    used 2379K, capacity 2525K, committed 2560K, reserved 1048576K
Event: 14.017 GC heap after
Heap after GC invocations=8 (full 0):
 PSYoungGen      total 138752K, used 12792K [0x00000000eb100000, 0x00000000f4e00000, 0x0000000100000000)
  eden space 125952K, 0% used [0x00000000eb100000,0x00000000eb100000,0x00000000f2c00000)
  from space 12800K, 99% used [0x00000000f3b80000,0x00000000f47fe0d0,0x00000000f4800000)
  to   space 15872K, 0% used [0x00000000f2c00000,0x00000000f2c00000,0x00000000f3b80000)
 ParOldGen       total 44032K, used 17491K [0x00000000c1200000, 0x00000000c3d00000, 0x00000000eb100000)
  object space 44032K, 39% used [0x00000000c1200000,0x00000000c2314e88,0x00000000c3d00000)
 Metaspace       used 20482K, capacity 20846K, committed 20992K, reserved 1067008K
  class space    used 2379K, capacity 2525K, committed 2560K, reserved 1048576K
}
Event: 25.671 GC heap before
{Heap before GC invocations=9 (full 0):
 PSYoungGen      total 138752K, used 128712K [0x00000000eb100000, 0x00000000f4e00000, 0x0000000100000000)
  eden space 125952K, 92% used [0x00000000eb100000,0x00000000f22342d8,0x00000000f2c00000)
  from space 12800K, 99% used [0x00000000f3b80000,0x00000000f47fe0d0,0x00000000f4800000)
  to   space 15872K, 0% used [0x00000000f2c00000,0x00000000f2c00000,0x00000000f3b80000)
 ParOldGen       total 44032K, used 17491K [0x00000000c1200000, 0x00000000c3d00000, 0x00000000eb100000)
  object space 44032K, 39% used [0x00000000c1200000,0x00000000c2314e88,0x00000000c3d00000)
 Metaspace       used 20826K, capacity 21114K, committed 21248K, reserved 1069056K
  class space    used 2391K, capacity 2527K, committed 2560K, reserved 1048576K
Event: 25.763 GC heap after
Heap after GC invocations=9 (full 0):
 PSYoungGen      total 141824K, used 14571K [0x00000000eb100000, 0x00000000f4e00000, 0x0000000100000000)
  eden space 125952K, 0% used [0x00000000eb100000,0x00000000eb100000,0x00000000f2c00000)
  from space 15872K, 91% used [0x00000000f2c00000,0x00000000f3a3adc0,0x00000000f3b80000)
  to   space 12800K, 0% used [0x00000000f3b80000,0x00000000f3b80000,0x00000000f4800000)
 ParOldGen       total 44032K, used 21571K [0x00000000c1200000, 0x00000000c3d00000, 0x00000000eb100000)
  object space 44032K, 48% used [0x00000000c1200000,0x00000000c2710eb8,0x00000000c3d00000)
 Metaspace       used 20826K, capacity 21114K, committed 21248K, reserved 1069056K
  class space    used 2391K, capacity 2527K, committed 2560K, reserved 1048576K
}
Event: 25.763 GC heap before
{Heap before GC invocations=10 (full 1):
 PSYoungGen      total 141824K, used 14571K [0x00000000eb100000, 0x00000000f4e00000, 0x0000000100000000)
  eden space 125952K, 0% used [0x00000000eb100000,0x00000000eb100000,0x00000000f2c00000)
  from space 15872K, 91% used [0x00000000f2c00000,0x00000000f3a3adc0,0x00000000f3b80000)
  to   space 12800K, 0% used [0x00000000f3b80000,0x00000000f3b80000,0x00000000f4800000)
 ParOldGen       total 44032K, used 21571K [0x00000000c1200000, 0x00000000c3d00000, 0x00000000eb100000)
  object space 44032K, 48% used [0x00000000c1200000,0x00000000c2710eb8,0x00000000c3d00000)
 Metaspace       used 20826K, capacity 21114K, committed 21248K, reserved 1069056K
  class space    used 2391K, capacity 2527K, committed 2560K, reserved 1048576K
Event: 26.103 GC heap after
Heap after GC invocations=10 (full 1):
 PSYoungGen      total 141824K, used 0K [0x00000000eb100000, 0x00000000f4e00000, 0x0000000100000000)
  eden space 125952K, 0% used [0x00000000eb100000,0x00000000eb100000,0x00000000f2c00000)
  from space 15872K, 0% used [0x00000000f2c00000,0x00000000f2c00000,0x00000000f3b80000)
  to   space 12800K, 0% used [0x00000000f3b80000,0x00000000f3b80000,0x00000000f4800000)
 ParOldGen       total 57344K, used 26133K [0x00000000c1200000, 0x00000000c4a00000, 0x00000000eb100000)
  object space 57344K, 45% used [0x00000000c1200000,0x00000000c2b855a8,0x00000000c4a00000)
 Metaspace       used 20813K, capacity 21090K, committed 21248K, reserved 1069056K
  class space    used 2386K, capacity 2517K, committed 2560K, reserved 1048576K
}

